[LOG] SystemI::init                            : FMOD Studio Version: 00010802 (74770)
[LOG] SystemI::init                            : maxchannels = 1024, flags = 00030000, extradriverdata = 0000000000000000
[LOG] SystemI::close                           : 
[LOG] SystemI::close                           : Stop all sounds
[LOG] SystemI::close                           : done.

[LOG] OutputWASAPI::init                       : Mix Format (WAVEFORMATEX): wFormatTag=0xFFFE, nChannels=2, nSamplesPerSec=48000, nAvgBytesPerSec=384000, nBlockAlign=8, wBitsPerSample=32, cbSize=22.
[LOG] OutputWASAPI::init                       : Mix Format (WAVEFORMATEXTENSIBLE): wValidBitsPerSample=32, dwChannelMask=0x00000003, SubFormat=00000003-0000-0010-8000-00AA00389B71.
[LOG] OutputWASAPI::init                       : Output buffer size: 4096 samples, latency: 0.00ms, period: 10.00ms, DSP buffer: 1024 * 4
[LOG] Thread::initThread                       : Initializing FMOD mixer thread.  priority 3
[LOG] Thread::initThread                       : - Stacksize 49152.  Stack pointer 0000000000000000 : usesemaphore = 0 : sleeptime = 0
[LOG] Thread::callback                         : * FMOD mixer thread started
[LOG] SystemI::init                            : Set up emulated output
[LOG] SystemI::init                            : create the channel pool
[LOG] Thread::initThread                       : Initializing FMOD stream thread.  priority 2
[LOG] Thread::initThread                       : - Stacksize 65536.  Stack pointer 0000000000000000 : usesemaphore = 0 : sleeptime = 10
[LOG] Thread::callback                         : * FMOD stream thread started
[LOG] Thread::initThread                       : Initializing FMOD Studio update thread.  priority 0
[LOG] Thread::initThread                       : - Stacksize 65536.  Stack pointer 0000000000000000 : usesemaphore = 0 : sleeptime = 1
[LOG] Thread::callback                         : * FMOD Studio update thread started
[LOG] Thread::initThread                       : Initializing FMOD Studio sample load thread.  priority 0
[LOG] Thread::initThread                       : - Stacksize 65536.  Stack pointer 0000000000000000 : usesemaphore = 0 : sleeptime = 1
[LOG] Thread::callback                         : * FMOD Studio sample load thread started
[LOG] LiveUpdate::init                         : 
[LOG] Thread::initThread                       : Initializing FMOD Studio bank load thread.  priority 0
[LOG] Thread::initThread                       : - Stacksize 65536.  Stack pointer 0000000000000000 : usesemaphore = 0 : sleeptime = 1
[LOG] Thread::callback                         : * FMOD Studio bank load thread started
[LOG] Profile::init                            : Profiler listening on port: 9264
[LOG] Manager::readBank                        : fileversion = 74, compatVersion = 70 (oldest = 44, newest = 74)
[LOG] Manager::readBank                        : fileversion = 74, compatVersion = 70 (oldest = 44, newest = 74)
[LOG] PlaybackSystem::acquireMasterBus         : Setting master channel group format to 6
[LOG] SystemI::createSound                     : filename = E:\Projets\LOD\Projet\Dandelion\Fstudio\Build\Desktop/Master Bank.bank : mode 0a010082
[LOG] SystemI::createSound                     : FMOD_NONBLOCKING specified.  Putting into queue to be opened asynchronously!
[LOG] Thread::initThread                       : Initializing FMOD nonblocking thread (0).  priority 1
[LOG] Thread::initThread                       : - Stacksize 81920.  Stack pointer 0000000000000000 : usesemaphore = 1 : sleeptime = 0
[LOG] Thread::callback                         : * FMOD nonblocking thread (0) started
[LOG] SystemI::createSound                     : setdata soundi = 0000000031659D08 : node = 000000004AFF49D0
[LOG] SystemI::createSound                     : add node to async list : head = 00000000317A9780.  list count = 0
[LOG] AsyncThread::threadFunc                  : Starting Asynchronous operation on sound 0000000031659D08
[LOG] SystemI::createSoundInternal             :     filename = E:\Projets\LOD\Projet\Dandelion\Fstudio\Build\Desktop/Master Bank.bank : mode 0a010082
[LOG] SystemI::createSoundInternal             :     exinfo->cbsize             = 232
[LOG] SystemI::createSoundInternal             :     exinfo->length             = 3972832
[LOG] SystemI::createSoundInternal             :     exinfo->fileoffset         = 29888
[LOG] SystemI::createSoundInternal             :     exinfo->numsubsounds       = 1
[LOG] SystemI::createSoundInternal             :     exinfo->inclusionlist      = 000000004AFF4AE8
[LOG] SystemI::createSoundInternal             :     exinfo->inclusionlistnum   = 1
[LOG] SystemI::createSoundInternal             :     exinfo->suggestedsoundtype = 5
[LOG] SystemI::createSoundInternal             :     exinfo->initialseekpostype = 1
[LOG] SystemI::createSoundInternal             :     Format has 1 subsounds.
[LOG] SystemI::createSoundInternal             :     Create as FMOD_CREATESTREAM
[LOG] System::createSoundInternal              :     decode buffersize = 19200 : blocksize = 256 : format = 2
[LOG] SystemI::createSample                    :     mode 0a010082 length 19200 samples, lengthbytes 1947456
[LOG] SystemI::createSample                    :     channels = 2
[LOG] SystemI::createSample                    :     output = 00000000316B5398
[LOG] OutputSoftware::createSample             :     lengthpcm 19200, lengthbytes 1947456, channels 2, format 2, freq 48000, mode 0a01008a
[LOG] System::createSoundInternal              :     1 subsounds detected.
[LOG] System::createSoundInternal              :     Seek stream to start
[LOG] System::createSoundInternal              :     flush stream buffer
[LOG] System::createSoundInternal              :     flush successful.
[LOG] System::createSoundInternal              :     switch file handle from small blocking single buffered to large nonblocking doublebuffered.
[LOG] Thread::initThread                       :         Initializing FMOD file thread.  priority 1
[LOG] Thread::initThread                       :         - Stacksize 16384.  Stack pointer 0000000000000000 : usesemaphore = 0 : sleeptime = 10
[LOG] Thread::callback                         :         * FMOD file thread started
[LOG] SystemI::createSoundInternal             :     done.  OpenState now = FMOD_OPENSTATE_READY.

[LOG] AsyncThread::threadFunc                  : Finished Asynchronous operation on sound 0000000031659D08
[LOG] SoundI::getSubSound                      : sound 0000000031659D08.  Subsound index 0 / 1
[LOG] SystemI::createSoundInternal             : filename =  : mode 0a000202
[LOG] SystemI::createSoundInternal             : exinfo->cbsize             = 232
[LOG] SystemI::createSoundInternal             : exinfo->length             = 3972832
[LOG] SystemI::createSoundInternal             : exinfo->fileoffset         = 29888
[LOG] SystemI::createSoundInternal             : exinfo->numsubsounds       = 1
[LOG] SystemI::createSoundInternal             : exinfo->inclusionlist      = 0000000078A3FB48
[LOG] SystemI::createSoundInternal             : exinfo->inclusionlistnum   = 1
[LOG] SystemI::createSoundInternal             : exinfo->suggestedsoundtype = 5
[LOG] SystemI::createSoundInternal             : exinfo->useropen           = 00007FFFE32F2E20
[LOG] SystemI::createSoundInternal             : exinfo->userclose          = 00007FFFE32F2DF0
[LOG] SystemI::createSoundInternal             : exinfo->userread           = 00007FFFE32F2F00
[LOG] SystemI::createSoundInternal             : exinfo->userseek           = 00007FFFE32F2FB0
[LOG] SystemI::createSoundInternal             : exinfo->fileuserdata       = 0000000069224A48
[LOG] SystemI::createSoundInternal             : exinfo->initialseekpostype = 1
[LOG] SystemI::createSoundInternal             : Format has 1 subsounds.
[LOG] SystemI::createSoundInternal             : Create as FMOD_CREATESAMPLE
[LOG] SystemI::createSoundInternal             : Multi-sample sound (1 subsounds), create a sample container.
[LOG] SystemI::createSoundInternal             : creating subsound 0/1
[LOG] SystemI::createSample                    : mode 0a000202 length 179712 samples, lengthbytes 43200
[LOG] SystemI::createSample                    : channels = 2
[LOG] SystemI::createSample                    : output = 00000000316B5398
[LOG] OutputSoftware::createSample             : lengthpcm 179712, lengthbytes 43200, channels 2, format 2, freq 48000, mode 0a00020a
[LOG] SystemI::createSoundInternal             : done.  OpenState now = FMOD_OPENSTATE_READY.

[LOG] SystemI::createSoundInternal             : filename =  : mode 0a000202
[LOG] SystemI::createSoundInternal             : exinfo->cbsize             = 232
[LOG] SystemI::createSoundInternal             : exinfo->length             = 3972832
[LOG] SystemI::createSoundInternal             : exinfo->fileoffset         = 29888
[LOG] SystemI::createSoundInternal             : exinfo->numsubsounds       = 1
[LOG] SystemI::createSoundInternal             : exinfo->inclusionlist      = 0000000078A3FB48
[LOG] SystemI::createSoundInternal             : exinfo->inclusionlistnum   = 1
[LOG] SystemI::createSoundInternal             : exinfo->suggestedsoundtype = 5
[LOG] SystemI::createSoundInternal             : exinfo->useropen           = 00007FFFE32F2E20
[LOG] SystemI::createSoundInternal             : exinfo->userclose          = 00007FFFE32F2DF0
[LOG] SystemI::createSoundInternal             : exinfo->userread           = 00007FFFE32F2F00
[LOG] SystemI::createSoundInternal             : exinfo->userseek           = 00007FFFE32F2FB0
[LOG] SystemI::createSoundInternal             : exinfo->fileuserdata       = 0000000069224A48
[LOG] SystemI::createSoundInternal             : exinfo->initialseekpostype = 1
[LOG] SystemI::createSoundInternal             : Format has 1 subsounds.
[LOG] SystemI::createSoundInternal             : Create as FMOD_CREATESAMPLE
[LOG] SystemI::createSoundInternal             : Multi-sample sound (1 subsounds), create a sample container.
[LOG] SystemI::createSoundInternal             : creating subsound 0/1
[LOG] SystemI::createSample                    : mode 0a000202 length 179712 samples, lengthbytes 42304
[LOG] SystemI::createSample                    : channels = 2
[LOG] SystemI::createSample                    : output = 00000000316B5398
[LOG] OutputSoftware::createSample             : lengthpcm 179712, lengthbytes 42304, channels 2, format 2, freq 48000, mode 0a00020a
[LOG] SystemI::createSoundInternal             : done.  OpenState now = FMOD_OPENSTATE_READY.

[LOG] SystemI::createSoundInternal             : filename =  : mode 0a000202
[LOG] SystemI::createSoundInternal             : exinfo->cbsize             = 232
[LOG] SystemI::createSoundInternal             : exinfo->length             = 3972832
[LOG] SystemI::createSoundInternal             : exinfo->fileoffset         = 29888
[LOG] SystemI::createSoundInternal             : exinfo->numsubsounds       = 1
[LOG] SystemI::createSoundInternal             : exinfo->inclusionlist      = 0000000078A3FB48
[LOG] SystemI::createSoundInternal             : exinfo->inclusionlistnum   = 1
[LOG] SystemI::createSoundInternal             : exinfo->suggestedsoundtype = 5
[LOG] SystemI::createSoundInternal             : exinfo->useropen           = 00007FFFE32F2E20
[LOG] SystemI::createSoundInternal             : exinfo->userclose          = 00007FFFE32F2DF0
[LOG] SystemI::createSoundInternal             : exinfo->userread           = 00007FFFE32F2F00
[LOG] SystemI::createSoundInternal             : exinfo->userseek           = 00007FFFE32F2FB0
[LOG] SystemI::createSoundInternal             : exinfo->fileuserdata       = 0000000069224A48
[LOG] SystemI::createSoundInternal             : exinfo->initialseekpostype = 1
[LOG] SystemI::createSoundInternal             : Format has 1 subsounds.
[LOG] SystemI::createSoundInternal             : Create as FMOD_CREATESAMPLE
[LOG] SystemI::createSoundInternal             : Multi-sample sound (1 subsounds), create a sample container.
[LOG] SystemI::createSoundInternal             : creating subsound 0/1
[LOG] SystemI::createSample                    : mode 0a000202 length 179712 samples, lengthbytes 43648
[LOG] SystemI::createSample                    : channels = 2
[LOG] SystemI::createSample                    : output = 00000000316B5398
[LOG] OutputSoftware::createSample             : lengthpcm 179712, lengthbytes 43648, channels 2, format 2, freq 48000, mode 0a00020a
[LOG] SystemI::createSoundInternal             : done.  OpenState now = FMOD_OPENSTATE_READY.

[LOG] SystemI::createSoundInternal             : filename =  : mode 0a000202
[LOG] SystemI::createSoundInternal             : exinfo->cbsize             = 232
[LOG] SystemI::createSoundInternal             : exinfo->length             = 3972832
[LOG] SystemI::createSoundInternal             : exinfo->fileoffset         = 29888
[LOG] SystemI::createSoundInternal             : exinfo->numsubsounds       = 1
[LOG] SystemI::createSoundInternal             : exinfo->inclusionlist      = 0000000078A3FB48
[LOG] SystemI::createSoundInternal             : exinfo->inclusionlistnum   = 1
[LOG] SystemI::createSoundInternal             : exinfo->suggestedsoundtype = 5
[LOG] SystemI::createSoundInternal             : exinfo->useropen           = 00007FFFE32F2E20
[LOG] SystemI::createSoundInternal             : exinfo->userclose          = 00007FFFE32F2DF0
[LOG] SystemI::createSoundInternal             : exinfo->userread           = 00007FFFE32F2F00
[LOG] SystemI::createSoundInternal             : exinfo->userseek           = 00007FFFE32F2FB0
[LOG] SystemI::createSoundInternal             : exinfo->fileuserdata       = 0000000069224A48
[LOG] SystemI::createSoundInternal             : exinfo->initialseekpostype = 1
[LOG] SystemI::createSoundInternal             : Format has 1 subsounds.
[LOG] SystemI::createSoundInternal             : Create as FMOD_CREATESAMPLE
[LOG] SystemI::createSoundInternal             : Multi-sample sound (1 subsounds), create a sample container.
[LOG] SystemI::createSoundInternal             : creating subsound 0/1
[LOG] SystemI::createSample                    : mode 0a000202 length 179712 samples, lengthbytes 43168
[LOG] SystemI::createSample                    : channels = 2
[LOG] SystemI::createSample                    : output = 00000000316B5398
[LOG] OutputSoftware::createSample             : lengthpcm 179712, lengthbytes 43168, channels 2, format 2, freq 48000, mode 0a00020a
[LOG] SystemI::createSoundInternal             : done.  OpenState now = FMOD_OPENSTATE_READY.

[LOG] SystemI::createSoundInternal             : filename =  : mode 0a000202
[LOG] SystemI::createSoundInternal             : exinfo->cbsize             = 232
[LOG] SystemI::createSoundInternal             : exinfo->length             = 3972832
[LOG] SystemI::createSoundInternal             : exinfo->fileoffset         = 29888
[LOG] SystemI::createSoundInternal             : exinfo->numsubsounds       = 1
[LOG] SystemI::createSoundInternal             : exinfo->inclusionlist      = 0000000078A3FB48
[LOG] SystemI::createSoundInternal             : exinfo->inclusionlistnum   = 1
[LOG] SystemI::createSoundInternal             : exinfo->suggestedsoundtype = 5
[LOG] SystemI::createSoundInternal             : exinfo->useropen           = 00007FFFE32F2E20
[LOG] SystemI::createSoundInternal             : exinfo->userclose          = 00007FFFE32F2DF0
[LOG] SystemI::createSoundInternal             : exinfo->userread           = 00007FFFE32F2F00
[LOG] SystemI::createSoundInternal             : exinfo->userseek           = 00007FFFE32F2FB0
[LOG] SystemI::createSoundInternal             : exinfo->fileuserdata       = 0000000069224A48
[LOG] SystemI::createSoundInternal             : exinfo->initialseekpostype = 1
[LOG] SystemI::createSoundInternal             : Format has 1 subsounds.
[LOG] SystemI::createSoundInternal             : Create as FMOD_CREATESAMPLE
[LOG] SystemI::createSoundInternal             : Multi-sample sound (1 subsounds), create a sample container.
[LOG] SystemI::createSoundInternal             : creating subsound 0/1
[LOG] SystemI::createSample                    : mode 0a000202 length 179712 samples, lengthbytes 43776
[LOG] SystemI::createSample                    : channels = 2
[LOG] SystemI::createSample                    : output = 00000000316B5398
[LOG] OutputSoftware::createSample             : lengthpcm 179712, lengthbytes 43776, channels 2, format 2, freq 48000, mode 0a00020a
[LOG] SystemI::createSoundInternal             : done.  OpenState now = FMOD_OPENSTATE_READY.

[LOG] SystemI::createSoundInternal             : filename =  : mode 0a000202
[LOG] SystemI::createSoundInternal             : exinfo->cbsize             = 232
[LOG] SystemI::createSoundInternal             : exinfo->length             = 3972832
[LOG] SystemI::createSoundInternal             : exinfo->fileoffset         = 29888
[LOG] SystemI::createSoundInternal             : exinfo->numsubsounds       = 1
[LOG] SystemI::createSoundInternal             : exinfo->inclusionlist      = 0000000078A3FB48
[LOG] SystemI::createSoundInternal             : exinfo->inclusionlistnum   = 1
[LOG] SystemI::createSoundInternal             : exinfo->suggestedsoundtype = 5
[LOG] SystemI::createSoundInternal             : exinfo->useropen           = 00007FFFE32F2E20
[LOG] SystemI::createSoundInternal             : exinfo->userclose          = 00007FFFE32F2DF0
[LOG] SystemI::createSoundInternal             : exinfo->userread           = 00007FFFE32F2F00
[LOG] SystemI::createSoundInternal             : exinfo->userseek           = 00007FFFE32F2FB0
[LOG] SystemI::createSoundInternal             : exinfo->fileuserdata       = 0000000069224A48
[LOG] SystemI::createSoundInternal             : exinfo->initialseekpostype = 1
[LOG] SystemI::createSoundInternal             : Format has 1 subsounds.
[LOG] SystemI::createSoundInternal             : Create as FMOD_CREATESAMPLE
[LOG] SystemI::createSoundInternal             : Multi-sample sound (1 subsounds), create a sample container.
[LOG] SystemI::createSoundInternal             : creating subsound 0/1
[LOG] SystemI::createSample                    : mode 0a000202 length 179712 samples, lengthbytes 42976
[LOG] SystemI::createSample                    : channels = 2
[LOG] SystemI::createSample                    : output = 00000000316B5398
[LOG] OutputSoftware::createSample             : lengthpcm 179712, lengthbytes 42976, channels 2, format 2, freq 48000, mode 0a00020a
[LOG] SystemI::createSoundInternal             : done.  OpenState now = FMOD_OPENSTATE_READY.

[LOG] SystemI::createSoundInternal             : filename =  : mode 0a000202
[LOG] SystemI::createSoundInternal             : exinfo->cbsize             = 232
[LOG] SystemI::createSoundInternal             : exinfo->length             = 3972832
[LOG] SystemI::createSoundInternal             : exinfo->fileoffset         = 29888
[LOG] SystemI::createSoundInternal             : exinfo->numsubsounds       = 1
[LOG] SystemI::createSoundInternal             : exinfo->inclusionlist      = 0000000078A3FB48
[LOG] SystemI::createSoundInternal             : exinfo->inclusionlistnum   = 1
[LOG] SystemI::createSoundInternal             : exinfo->suggestedsoundtype = 5
[LOG] SystemI::createSoundInternal             : exinfo->useropen           = 00007FFFE32F2E20
[LOG] SystemI::createSoundInternal             : exinfo->userclose          = 00007FFFE32F2DF0
[LOG] SystemI::createSoundInternal             : exinfo->userread           = 00007FFFE32F2F00
[LOG] SystemI::createSoundInternal             : exinfo->userseek           = 00007FFFE32F2FB0
[LOG] SystemI::createSoundInternal             : exinfo->fileuserdata       = 0000000069224A48
[LOG] SystemI::createSoundInternal             : exinfo->initialseekpostype = 1
[LOG] SystemI::createSoundInternal             : Format has 1 subsounds.
[LOG] SystemI::createSoundInternal             : Create as FMOD_CREATESAMPLE
[LOG] SystemI::createSoundInternal             : Multi-sample sound (1 subsounds), create a sample container.
[LOG] SystemI::createSoundInternal             : creating subsound 0/1
[LOG] SystemI::createSample                    : mode 0a000202 length 179712 samples, lengthbytes 43520
[LOG] SystemI::createSample                    : channels = 2
[LOG] SystemI::createSample                    : output = 00000000316B5398
[LOG] OutputSoftware::createSample             : lengthpcm 179712, lengthbytes 43520, channels 2, format 2, freq 48000, mode 0a00020a
[LOG] SystemI::createSoundInternal             : done.  OpenState now = FMOD_OPENSTATE_READY.

[LOG] SystemI::createSoundInternal             : filename =  : mode 0a000202
[LOG] SystemI::createSoundInternal             : exinfo->cbsize             = 232
[LOG] SystemI::createSoundInternal             : exinfo->length             = 3972832
[LOG] SystemI::createSoundInternal             : exinfo->fileoffset         = 29888
[LOG] SystemI::createSoundInternal             : exinfo->numsubsounds       = 1
[LOG] SystemI::createSoundInternal             : exinfo->inclusionlist      = 0000000078A3FB48
[LOG] SystemI::createSoundInternal             : exinfo->inclusionlistnum   = 1
[LOG] SystemI::createSoundInternal             : exinfo->suggestedsoundtype = 5
[LOG] SystemI::createSoundInternal             : exinfo->useropen           = 00007FFFE32F2E20
[LOG] SystemI::createSoundInternal             : exinfo->userclose          = 00007FFFE32F2DF0
[LOG] SystemI::createSoundInternal             : exinfo->userread           = 00007FFFE32F2F00
[LOG] SystemI::createSoundInternal             : exinfo->userseek           = 00007FFFE32F2FB0
[LOG] SystemI::createSoundInternal             : exinfo->fileuserdata       = 0000000069224A48
[LOG] SystemI::createSoundInternal             : exinfo->initialseekpostype = 1
[LOG] SystemI::createSoundInternal             : Format has 1 subsounds.
[LOG] SystemI::createSoundInternal             : Create as FMOD_CREATESAMPLE
[LOG] SystemI::createSoundInternal             : Multi-sample sound (1 subsounds), create a sample container.
[LOG] SystemI::createSoundInternal             : creating subsound 0/1
[LOG] SystemI::createSample                    : mode 0a000202 length 179712 samples, lengthbytes 43616
[LOG] SystemI::createSample                    : channels = 2
[LOG] SystemI::createSample                    : output = 00000000316B5398
[LOG] OutputSoftware::createSample             : lengthpcm 179712, lengthbytes 43616, channels 2, format 2, freq 48000, mode 0a00020a
[LOG] SystemI::createSoundInternal             : done.  OpenState now = FMOD_OPENSTATE_READY.

[WRN] EventInstance::update                    : Event {8ff2e91d-5e16-4006-8740-6c3629b0fb27} waited 70 milliseconds for sample data to load.  Preload sample data to avoid this delay.
[LOG] SystemI::createSoundInternal             : filename =  : mode 0a000202
[LOG] SystemI::createSoundInternal             : exinfo->cbsize             = 232
[LOG] SystemI::createSoundInternal             : exinfo->length             = 3972832
[LOG] SystemI::createSoundInternal             : exinfo->fileoffset         = 29888
[LOG] SystemI::createSoundInternal             : exinfo->numsubsounds       = 1
[LOG] SystemI::createSoundInternal             : exinfo->inclusionlist      = 0000000078A3FB48
[LOG] SystemI::createSoundInternal             : exinfo->inclusionlistnum   = 1
[LOG] SystemI::createSoundInternal             : exinfo->suggestedsoundtype = 5
[LOG] SystemI::createSoundInternal             : exinfo->useropen           = 00007FFFE32F2E20
[LOG] SystemI::createSoundInternal             : exinfo->userclose          = 00007FFFE32F2DF0
[LOG] SystemI::createSoundInternal             : exinfo->userread           = 00007FFFE32F2F00
[LOG] SystemI::createSoundInternal             : exinfo->userseek           = 00007FFFE32F2FB0
[LOG] SystemI::createSoundInternal             : exinfo->fileuserdata       = 0000000069222848
[LOG] SystemI::createSoundInternal             : exinfo->initialseekpostype = 1
[LOG] SystemI::createSoundInternal             : Format has 1 subsounds.
[LOG] SystemI::createSoundInternal             : Create as FMOD_CREATESAMPLE
[LOG] SystemI::createSoundInternal             : Multi-sample sound (1 subsounds), create a sample container.
[LOG] SystemI::createSoundInternal             : creating subsound 0/1
[LOG] SystemI::createSample                    : mode 0a000202 length 179712 samples, lengthbytes 44512
[LOG] SystemI::createSample                    : channels = 2
[LOG] SystemI::createSample                    : output = 00000000316B5398
[LOG] OutputSoftware::createSample             : lengthpcm 179712, lengthbytes 44512, channels 2, format 2, freq 48000, mode 0a00020a
[LOG] SystemI::createSoundInternal             : done.  OpenState now = FMOD_OPENSTATE_READY.

[LOG] SystemI::createSoundInternal             : filename =  : mode 0a000202
[LOG] SystemI::createSoundInternal             : exinfo->cbsize             = 232
[LOG] SystemI::createSoundInternal             : exinfo->length             = 3972832
[LOG] SystemI::createSoundInternal             : exinfo->fileoffset         = 29888
[LOG] SystemI::createSoundInternal             : exinfo->numsubsounds       = 1
[LOG] SystemI::createSoundInternal             : exinfo->inclusionlist      = 0000000078A3FB48
[LOG] SystemI::createSoundInternal             : exinfo->inclusionlistnum   = 1
[LOG] SystemI::createSoundInternal             : exinfo->suggestedsoundtype = 5
[LOG] SystemI::createSoundInternal             : exinfo->useropen           = 00007FFFE32F2E20
[LOG] SystemI::createSoundInternal             : exinfo->userclose          = 00007FFFE32F2DF0
[LOG] SystemI::createSoundInternal             : exinfo->userread           = 00007FFFE32F2F00
[LOG] SystemI::createSoundInternal             : exinfo->userseek           = 00007FFFE32F2FB0
[LOG] SystemI::createSoundInternal             : exinfo->fileuserdata       = 0000000069222848
[LOG] SystemI::createSoundInternal             : exinfo->initialseekpostype = 1
[LOG] SystemI::createSoundInternal             : Format has 1 subsounds.
[LOG] SystemI::createSoundInternal             : Create as FMOD_CREATESAMPLE
[LOG] SystemI::createSoundInternal             : Multi-sample sound (1 subsounds), create a sample container.
[LOG] SystemI::createSoundInternal             : creating subsound 0/1
[LOG] SystemI::createSample                    : mode 0a000202 length 179712 samples, lengthbytes 44512
[LOG] SystemI::createSample                    : channels = 2
[LOG] SystemI::createSample                    : output = 00000000316B5398
[LOG] OutputSoftware::createSample             : lengthpcm 179712, lengthbytes 44512, channels 2, format 2, freq 48000, mode 0a00020a
[LOG] SystemI::createSoundInternal             : done.  OpenState now = FMOD_OPENSTATE_READY.

[LOG] SystemI::createSoundInternal             : filename =  : mode 0a000202
[LOG] SystemI::createSoundInternal             : exinfo->cbsize             = 232
[LOG] SystemI::createSoundInternal             : exinfo->length             = 3972832
[LOG] SystemI::createSoundInternal             : exinfo->fileoffset         = 29888
[LOG] SystemI::createSoundInternal             : exinfo->numsubsounds       = 1
[LOG] SystemI::createSoundInternal             : exinfo->inclusionlist      = 0000000078A3FB48
[LOG] SystemI::createSoundInternal             : exinfo->inclusionlistnum   = 1
[LOG] SystemI::createSoundInternal             : exinfo->suggestedsoundtype = 5
[LOG] SystemI::createSoundInternal             : exinfo->useropen           = 00007FFFE32F2E20
[LOG] SystemI::createSoundInternal             : exinfo->userclose          = 00007FFFE32F2DF0
[LOG] SystemI::createSoundInternal             : exinfo->userread           = 00007FFFE32F2F00
[LOG] SystemI::createSoundInternal             : exinfo->userseek           = 00007FFFE32F2FB0
[LOG] SystemI::createSoundInternal             : exinfo->fileuserdata       = 0000000069222848
[LOG] SystemI::createSoundInternal             : exinfo->initialseekpostype = 1
[LOG] SystemI::createSoundInternal             : Format has 1 subsounds.
[LOG] SystemI::createSoundInternal             : Create as FMOD_CREATESAMPLE
[LOG] SystemI::createSoundInternal             : Multi-sample sound (1 subsounds), create a sample container.
[LOG] SystemI::createSoundInternal             : creating subsound 0/1
[LOG] SystemI::createSample                    : mode 0a000202 length 179712 samples, lengthbytes 44096
[LOG] SystemI::createSample                    : channels = 2
[LOG] SystemI::createSample                    : output = 00000000316B5398
[LOG] OutputSoftware::createSample             : lengthpcm 179712, lengthbytes 44096, channels 2, format 2, freq 48000, mode 0a00020a
[LOG] SystemI::createSoundInternal             : done.  OpenState now = FMOD_OPENSTATE_READY.

[LOG] SystemI::createSoundInternal             : filename =  : mode 0a000202
[LOG] SystemI::createSoundInternal             : exinfo->cbsize             = 232
[LOG] SystemI::createSoundInternal             : exinfo->length             = 3972832
[LOG] SystemI::createSoundInternal             : exinfo->fileoffset         = 29888
[LOG] SystemI::createSoundInternal             : exinfo->numsubsounds       = 1
[LOG] SystemI::createSoundInternal             : exinfo->inclusionlist      = 0000000078A3FB48
[LOG] SystemI::createSoundInternal             : exinfo->inclusionlistnum   = 1
[LOG] SystemI::createSoundInternal             : exinfo->suggestedsoundtype = 5
[LOG] SystemI::createSoundInternal             : exinfo->useropen           = 00007FFFE32F2E20
[LOG] SystemI::createSoundInternal             : exinfo->userclose          = 00007FFFE32F2DF0
[LOG] SystemI::createSoundInternal             : exinfo->userread           = 00007FFFE32F2F00
[LOG] SystemI::createSoundInternal             : exinfo->userseek           = 00007FFFE32F2FB0
[LOG] SystemI::createSoundInternal             : exinfo->fileuserdata       = 0000000069222848
[LOG] SystemI::createSoundInternal             : exinfo->initialseekpostype = 1
[LOG] SystemI::createSoundInternal             : Format has 1 subsounds.
[LOG] SystemI::createSoundInternal             : Create as FMOD_CREATESAMPLE
[LOG] SystemI::createSoundInternal             : Multi-sample sound (1 subsounds), create a sample container.
[LOG] SystemI::createSoundInternal             : creating subsound 0/1
[LOG] SystemI::createSample                    : mode 0a000202 length 179712 samples, lengthbytes 43680
[LOG] SystemI::createSample                    : channels = 2
[LOG] SystemI::createSample                    : output = 00000000316B5398
[LOG] OutputSoftware::createSample             : lengthpcm 179712, lengthbytes 43680, channels 2, format 2, freq 48000, mode 0a00020a
[LOG] SystemI::createSoundInternal             : done.  OpenState now = FMOD_OPENSTATE_READY.

[LOG] SystemI::createSoundInternal             : filename =  : mode 0a000202
[LOG] SystemI::createSoundInternal             : exinfo->cbsize             = 232
[LOG] SystemI::createSoundInternal             : exinfo->length             = 3972832
[LOG] SystemI::createSoundInternal             : exinfo->fileoffset         = 29888
[LOG] SystemI::createSoundInternal             : exinfo->numsubsounds       = 1
[LOG] SystemI::createSoundInternal             : exinfo->inclusionlist      = 0000000078A3FB48
[LOG] SystemI::createSoundInternal             : exinfo->inclusionlistnum   = 1
[LOG] SystemI::createSoundInternal             : exinfo->suggestedsoundtype = 5
[LOG] SystemI::createSoundInternal             : exinfo->useropen           = 00007FFFE32F2E20
[LOG] SystemI::createSoundInternal             : exinfo->userclose          = 00007FFFE32F2DF0
[LOG] SystemI::createSoundInternal             : exinfo->userread           = 00007FFFE32F2F00
[LOG] SystemI::createSoundInternal             : exinfo->userseek           = 00007FFFE32F2FB0
[LOG] SystemI::createSoundInternal             : exinfo->fileuserdata       = 0000000069222848
[LOG] SystemI::createSoundInternal             : exinfo->initialseekpostype = 1
[LOG] SystemI::createSoundInternal             : Format has 1 subsounds.
[LOG] SystemI::createSoundInternal             : Create as FMOD_CREATESAMPLE
[LOG] SystemI::createSoundInternal             : Multi-sample sound (1 subsounds), create a sample container.
[LOG] SystemI::createSoundInternal             : creating subsound 0/1
[LOG] SystemI::createSample                    : mode 0a000202 length 179712 samples, lengthbytes 44064
[LOG] SystemI::createSample                    : channels = 2
[LOG] SystemI::createSample                    : output = 00000000316B5398
[LOG] OutputSoftware::createSample             : lengthpcm 179712, lengthbytes 44064, channels 2, format 2, freq 48000, mode 0a00020a
[LOG] SystemI::createSoundInternal             : done.  OpenState now = FMOD_OPENSTATE_READY.

[WRN] EventInstance::update                    : Event {04472d8b-025f-4f06-a550-56cf3b42a850} waited 69 milliseconds for sample data to load.  Preload sample data to avoid this delay.
[LOG] SystemI::createSoundInternal             : filename =  : mode 0a000202
[LOG] SystemI::createSoundInternal             : exinfo->cbsize             = 232
[LOG] SystemI::createSoundInternal             : exinfo->length             = 3972832
[LOG] SystemI::createSoundInternal             : exinfo->fileoffset         = 29888
[LOG] SystemI::createSoundInternal             : exinfo->numsubsounds       = 1
[LOG] SystemI::createSoundInternal             : exinfo->inclusionlist      = 0000000078A3FB48
[LOG] SystemI::createSoundInternal             : exinfo->inclusionlistnum   = 1
[LOG] SystemI::createSoundInternal             : exinfo->suggestedsoundtype = 5
[LOG] SystemI::createSoundInternal             : exinfo->useropen           = 00007FFFE32F2E20
[LOG] SystemI::createSoundInternal             : exinfo->userclose          = 00007FFFE32F2DF0
[LOG] SystemI::createSoundInternal             : exinfo->userread           = 00007FFFE32F2F00
[LOG] SystemI::createSoundInternal             : exinfo->userseek           = 00007FFFE32F2FB0
[LOG] SystemI::createSoundInternal             : exinfo->fileuserdata       = 0000000069222848
[LOG] SystemI::createSoundInternal             : exinfo->initialseekpostype = 1
[LOG] SystemI::createSoundInternal             : Format has 1 subsounds.
[LOG] SystemI::createSoundInternal             : Create as FMOD_CREATESAMPLE
[LOG] SystemI::createSoundInternal             : Multi-sample sound (1 subsounds), create a sample container.
[LOG] SystemI::createSoundInternal             : creating subsound 0/1
[LOG] SystemI::createSample                    : mode 0a000202 length 144000 samples, lengthbytes 34752
[LOG] SystemI::createSample                    : channels = 2
[LOG] SystemI::createSample                    : output = 00000000316B5398
[LOG] OutputSoftware::createSample             : lengthpcm 144000, lengthbytes 34752, channels 2, format 2, freq 48000, mode 0a00020a
[LOG] SystemI::createSoundInternal             : done.  OpenState now = FMOD_OPENSTATE_READY.

[LOG] SystemI::createSoundInternal             : filename =  : mode 0a000202
[LOG] SystemI::createSoundInternal             : exinfo->cbsize             = 232
[LOG] SystemI::createSoundInternal             : exinfo->length             = 3972832
[LOG] SystemI::createSoundInternal             : exinfo->fileoffset         = 29888
[LOG] SystemI::createSoundInternal             : exinfo->numsubsounds       = 1
[LOG] SystemI::createSoundInternal             : exinfo->inclusionlist      = 0000000078A3FB48
[LOG] SystemI::createSoundInternal             : exinfo->inclusionlistnum   = 1
[LOG] SystemI::createSoundInternal             : exinfo->suggestedsoundtype = 5
[LOG] SystemI::createSoundInternal             : exinfo->useropen           = 00007FFFE32F2E20
[LOG] SystemI::createSoundInternal             : exinfo->userclose          = 00007FFFE32F2DF0
[LOG] SystemI::createSoundInternal             : exinfo->userread           = 00007FFFE32F2F00
[LOG] SystemI::createSoundInternal             : exinfo->userseek           = 00007FFFE32F2FB0
[LOG] SystemI::createSoundInternal             : exinfo->fileuserdata       = 0000000069222848
[LOG] SystemI::createSoundInternal             : exinfo->initialseekpostype = 1
[LOG] SystemI::createSoundInternal             : Format has 1 subsounds.
[LOG] SystemI::createSoundInternal             : Create as FMOD_CREATESAMPLE
[LOG] SystemI::createSoundInternal             : Multi-sample sound (1 subsounds), create a sample container.
[LOG] SystemI::createSoundInternal             : creating subsound 0/1
[LOG] SystemI::createSample                    : mode 0a000202 length 144000 samples, lengthbytes 34592
[LOG] SystemI::createSample                    : channels = 2
[LOG] SystemI::createSample                    : output = 00000000316B5398
[LOG] OutputSoftware::createSample             : lengthpcm 144000, lengthbytes 34592, channels 2, format 2, freq 48000, mode 0a00020a
[LOG] SystemI::createSoundInternal             : done.  OpenState now = FMOD_OPENSTATE_READY.

[LOG] SystemI::createSoundInternal             : filename =  : mode 0a000202
[LOG] SystemI::createSoundInternal             : exinfo->cbsize             = 232
[LOG] SystemI::createSoundInternal             : exinfo->length             = 3972832
[LOG] SystemI::createSoundInternal             : exinfo->fileoffset         = 29888
[LOG] SystemI::createSoundInternal             : exinfo->numsubsounds       = 1
[LOG] SystemI::createSoundInternal             : exinfo->inclusionlist      = 0000000078A3FB48
[LOG] SystemI::createSoundInternal             : exinfo->inclusionlistnum   = 1
[LOG] SystemI::createSoundInternal             : exinfo->suggestedsoundtype = 5
[LOG] SystemI::createSoundInternal             : exinfo->useropen           = 00007FFFE32F2E20
[LOG] SystemI::createSoundInternal             : exinfo->userclose          = 00007FFFE32F2DF0
[LOG] SystemI::createSoundInternal             : exinfo->userread           = 00007FFFE32F2F00
[LOG] SystemI::createSoundInternal             : exinfo->userseek           = 00007FFFE32F2FB0
[LOG] SystemI::createSoundInternal             : exinfo->fileuserdata       = 0000000069222848
[LOG] SystemI::createSoundInternal             : exinfo->initialseekpostype = 1
[LOG] SystemI::createSoundInternal             : Format has 1 subsounds.
[LOG] SystemI::createSoundInternal             : Create as FMOD_CREATESAMPLE
[LOG] SystemI::createSoundInternal             : Multi-sample sound (1 subsounds), create a sample container.
[LOG] SystemI::createSoundInternal             : creating subsound 0/1
[LOG] SystemI::createSample                    : mode 0a000202 length 144000 samples, lengthbytes 34464
[LOG] SystemI::createSample                    : channels = 2
[LOG] SystemI::createSample                    : output = 00000000316B5398
[LOG] OutputSoftware::createSample             : lengthpcm 144000, lengthbytes 34464, channels 2, format 2, freq 48000, mode 0a00020a
[LOG] SystemI::createSoundInternal             : done.  OpenState now = FMOD_OPENSTATE_READY.

[LOG] SystemI::createSoundInternal             : filename =  : mode 0a000202
[LOG] SystemI::createSoundInternal             : exinfo->cbsize             = 232
[LOG] SystemI::createSoundInternal             : exinfo->length             = 3972832
[LOG] SystemI::createSoundInternal             : exinfo->fileoffset         = 29888
[LOG] SystemI::createSoundInternal             : exinfo->numsubsounds       = 1
[LOG] SystemI::createSoundInternal             : exinfo->inclusionlist      = 0000000078A3FB48
[LOG] SystemI::createSoundInternal             : exinfo->inclusionlistnum   = 1
[LOG] SystemI::createSoundInternal             : exinfo->suggestedsoundtype = 5
[LOG] SystemI::createSoundInternal             : exinfo->useropen           = 00007FFFE32F2E20
[LOG] SystemI::createSoundInternal             : exinfo->userclose          = 00007FFFE32F2DF0
[LOG] SystemI::createSoundInternal             : exinfo->userread           = 00007FFFE32F2F00
[LOG] SystemI::createSoundInternal             : exinfo->userseek           = 00007FFFE32F2FB0
[LOG] SystemI::createSoundInternal             : exinfo->fileuserdata       = 0000000069222848
[LOG] SystemI::createSoundInternal             : exinfo->initialseekpostype = 1
[LOG] SystemI::createSoundInternal             : Format has 1 subsounds.
[LOG] SystemI::createSoundInternal             : Create as FMOD_CREATESAMPLE
[LOG] SystemI::createSoundInternal             : Multi-sample sound (1 subsounds), create a sample container.
[LOG] SystemI::createSoundInternal             : creating subsound 0/1
[LOG] SystemI::createSample                    : mode 0a000202 length 144000 samples, lengthbytes 35360
[LOG] SystemI::createSample                    : channels = 2
[LOG] SystemI::createSample                    : output = 00000000316B5398
[LOG] OutputSoftware::createSample             : lengthpcm 144000, lengthbytes 35360, channels 2, format 2, freq 48000, mode 0a00020a
[LOG] SystemI::createSoundInternal             : done.  OpenState now = FMOD_OPENSTATE_READY.

[LOG] SystemI::createSoundInternal             : filename =  : mode 0a000202
[LOG] SystemI::createSoundInternal             : exinfo->cbsize             = 232
[LOG] SystemI::createSoundInternal             : exinfo->length             = 3972832
[LOG] SystemI::createSoundInternal             : exinfo->fileoffset         = 29888
[LOG] SystemI::createSoundInternal             : exinfo->numsubsounds       = 1
[LOG] SystemI::createSoundInternal             : exinfo->inclusionlist      = 0000000078A3FB48
[LOG] SystemI::createSoundInternal             : exinfo->inclusionlistnum   = 1
[LOG] SystemI::createSoundInternal             : exinfo->suggestedsoundtype = 5
[LOG] SystemI::createSoundInternal             : exinfo->useropen           = 00007FFFE32F2E20
[LOG] SystemI::createSoundInternal             : exinfo->userclose          = 00007FFFE32F2DF0
[LOG] SystemI::createSoundInternal             : exinfo->userread           = 00007FFFE32F2F00
[LOG] SystemI::createSoundInternal             : exinfo->userseek           = 00007FFFE32F2FB0
[LOG] SystemI::createSoundInternal             : exinfo->fileuserdata       = 0000000069222848
[LOG] SystemI::createSoundInternal             : exinfo->initialseekpostype = 1
[LOG] SystemI::createSoundInternal             : Format has 1 subsounds.
[LOG] SystemI::createSoundInternal             : Create as FMOD_CREATESAMPLE
[LOG] SystemI::createSoundInternal             : Multi-sample sound (1 subsounds), create a sample container.
[LOG] SystemI::createSoundInternal             : creating subsound 0/1
[LOG] SystemI::createSample                    : mode 0a000202 length 144000 samples, lengthbytes 35296
[LOG] SystemI::createSample                    : channels = 2
[LOG] SystemI::createSample                    : output = 00000000316B5398
[LOG] OutputSoftware::createSample             : lengthpcm 144000, lengthbytes 35296, channels 2, format 2, freq 48000, mode 0a00020a
[LOG] SystemI::createSoundInternal             : done.  OpenState now = FMOD_OPENSTATE_READY.

[LOG] SystemI::createSoundInternal             : filename =  : mode 0a000202
[LOG] SystemI::createSoundInternal             : exinfo->cbsize             = 232
[LOG] SystemI::createSoundInternal             : exinfo->length             = 3972832
[LOG] SystemI::createSoundInternal             : exinfo->fileoffset         = 29888
[LOG] SystemI::createSoundInternal             : exinfo->numsubsounds       = 1
[LOG] SystemI::createSoundInternal             : exinfo->inclusionlist      = 0000000078A3FB48
[LOG] SystemI::createSoundInternal             : exinfo->inclusionlistnum   = 1
[LOG] SystemI::createSoundInternal             : exinfo->suggestedsoundtype = 5
[LOG] SystemI::createSoundInternal             : exinfo->useropen           = 00007FFFE32F2E20
[LOG] SystemI::createSoundInternal             : exinfo->userclose          = 00007FFFE32F2DF0
[LOG] SystemI::createSoundInternal             : exinfo->userread           = 00007FFFE32F2F00
[LOG] SystemI::createSoundInternal             : exinfo->userseek           = 00007FFFE32F2FB0
[LOG] SystemI::createSoundInternal             : exinfo->fileuserdata       = 0000000069222848
[LOG] SystemI::createSoundInternal             : exinfo->initialseekpostype = 1
[LOG] SystemI::createSoundInternal             : Format has 1 subsounds.
[LOG] SystemI::createSoundInternal             : Create as FMOD_CREATESAMPLE
[LOG] SystemI::createSoundInternal             : Multi-sample sound (1 subsounds), create a sample container.
[LOG] SystemI::createSoundInternal             : creating subsound 0/1
[LOG] SystemI::createSample                    : mode 0a000202 length 144000 samples, lengthbytes 34624
[LOG] SystemI::createSample                    : channels = 2
[LOG] SystemI::createSample                    : output = 00000000316B5398
[LOG] OutputSoftware::createSample             : lengthpcm 144000, lengthbytes 34624, channels 2, format 2, freq 48000, mode 0a00020a
[LOG] SystemI::createSoundInternal             : done.  OpenState now = FMOD_OPENSTATE_READY.

[LOG] SystemI::createSoundInternal             : filename =  : mode 0a000202
[LOG] SystemI::createSoundInternal             : exinfo->cbsize             = 232
[LOG] SystemI::createSoundInternal             : exinfo->length             = 3972832
[LOG] SystemI::createSoundInternal             : exinfo->fileoffset         = 29888
[LOG] SystemI::createSoundInternal             : exinfo->numsubsounds       = 1
[LOG] SystemI::createSoundInternal             : exinfo->inclusionlist      = 0000000078A3FB48
[LOG] SystemI::createSoundInternal             : exinfo->inclusionlistnum   = 1
[LOG] SystemI::createSoundInternal             : exinfo->suggestedsoundtype = 5
[LOG] SystemI::createSoundInternal             : exinfo->useropen           = 00007FFFE32F2E20
[LOG] SystemI::createSoundInternal             : exinfo->userclose          = 00007FFFE32F2DF0
[LOG] SystemI::createSoundInternal             : exinfo->userread           = 00007FFFE32F2F00
[LOG] SystemI::createSoundInternal             : exinfo->userseek           = 00007FFFE32F2FB0
[LOG] SystemI::createSoundInternal             : exinfo->fileuserdata       = 0000000069222848
[LOG] SystemI::createSoundInternal             : exinfo->initialseekpostype = 1
[LOG] SystemI::createSoundInternal             : Format has 1 subsounds.
[LOG] SystemI::createSoundInternal             : Create as FMOD_CREATESAMPLE
[LOG] SystemI::createSoundInternal             : Multi-sample sound (1 subsounds), create a sample container.
[LOG] SystemI::createSoundInternal             : creating subsound 0/1
[LOG] SystemI::createSample                    : mode 0a000202 length 144000 samples, lengthbytes 35072
[LOG] SystemI::createSample                    : channels = 2
[LOG] SystemI::createSample                    : output = 00000000316B5398
[LOG] OutputSoftware::createSample             : lengthpcm 144000, lengthbytes 35072, channels 2, format 2, freq 48000, mode 0a00020a
[LOG] SystemI::createSoundInternal             : done.  OpenState now = FMOD_OPENSTATE_READY.

[LOG] SystemI::createSoundInternal             : filename =  : mode 0a000202
[LOG] SystemI::createSoundInternal             : exinfo->cbsize             = 232
[LOG] SystemI::createSoundInternal             : exinfo->length             = 3972832
[LOG] SystemI::createSoundInternal             : exinfo->fileoffset         = 29888
[LOG] SystemI::createSoundInternal             : exinfo->numsubsounds       = 1
[LOG] SystemI::createSoundInternal             : exinfo->inclusionlist      = 0000000078A3FB48
[LOG] SystemI::createSoundInternal             : exinfo->inclusionlistnum   = 1
[LOG] SystemI::createSoundInternal             : exinfo->suggestedsoundtype = 5
[LOG] SystemI::createSoundInternal             : exinfo->useropen           = 00007FFFE32F2E20
[LOG] SystemI::createSoundInternal             : exinfo->userclose          = 00007FFFE32F2DF0
[LOG] SystemI::createSoundInternal             : exinfo->userread           = 00007FFFE32F2F00
[LOG] SystemI::createSoundInternal             : exinfo->userseek           = 00007FFFE32F2FB0
[LOG] SystemI::createSoundInternal             : exinfo->fileuserdata       = 0000000069222848
[LOG] SystemI::createSoundInternal             : exinfo->initialseekpostype = 1
[LOG] SystemI::createSoundInternal             : Format has 1 subsounds.
[LOG] SystemI::createSoundInternal             : Create as FMOD_CREATESAMPLE
[LOG] SystemI::createSoundInternal             : Multi-sample sound (1 subsounds), create a sample container.
[LOG] SystemI::createSoundInternal             : creating subsound 0/1
[LOG] SystemI::createSample                    : mode 0a000202 length 144000 samples, lengthbytes 35680
[LOG] SystemI::createSample                    : channels = 2
[LOG] SystemI::createSample                    : output = 00000000316B5398
[LOG] OutputSoftware::createSample             : lengthpcm 144000, lengthbytes 35680, channels 2, format 2, freq 48000, mode 0a00020a
[LOG] SystemI::createSoundInternal             : done.  OpenState now = FMOD_OPENSTATE_READY.

[LOG] SystemI::createSoundInternal             : filename =  : mode 0a000202
[LOG] SystemI::createSoundInternal             : exinfo->cbsize             = 232
[LOG] SystemI::createSoundInternal             : exinfo->length             = 3972832
[LOG] SystemI::createSoundInternal             : exinfo->fileoffset         = 29888
[LOG] SystemI::createSoundInternal             : exinfo->numsubsounds       = 1
[LOG] SystemI::createSoundInternal             : exinfo->inclusionlist      = 0000000078A3FB48
[LOG] SystemI::createSoundInternal             : exinfo->inclusionlistnum   = 1
[LOG] SystemI::createSoundInternal             : exinfo->suggestedsoundtype = 5
[LOG] SystemI::createSoundInternal             : exinfo->useropen           = 00007FFFE32F2E20
[LOG] SystemI::createSoundInternal             : exinfo->userclose          = 00007FFFE32F2DF0
[LOG] SystemI::createSoundInternal             : exinfo->userread           = 00007FFFE32F2F00
[LOG] SystemI::createSoundInternal             : exinfo->userseek           = 00007FFFE32F2FB0
[LOG] SystemI::createSoundInternal             : exinfo->fileuserdata       = 0000000069222848
[LOG] SystemI::createSoundInternal             : exinfo->initialseekpostype = 1
[LOG] SystemI::createSoundInternal             : Format has 1 subsounds.
[LOG] SystemI::createSoundInternal             : Create as FMOD_CREATESAMPLE
[LOG] SystemI::createSoundInternal             : Multi-sample sound (1 subsounds), create a sample container.
[LOG] SystemI::createSoundInternal             : creating subsound 0/1
[LOG] SystemI::createSample                    : mode 0a000202 length 144000 samples, lengthbytes 35456
[LOG] SystemI::createSample                    : channels = 2
[LOG] SystemI::createSample                    : output = 00000000316B5398
[LOG] OutputSoftware::createSample             : lengthpcm 144000, lengthbytes 35456, channels 2, format 2, freq 48000, mode 0a00020a
[LOG] SystemI::createSoundInternal             : done.  OpenState now = FMOD_OPENSTATE_READY.

[WRN] EventInstance::update                    : Event {ea5ae52b-f428-4e96-b1d3-a6c6678719d1} waited 70 milliseconds for sample data to load.  Preload sample data to avoid this delay.
[LOG] SoundI::release                          : (null) (0000000031BF0E98)
[LOG] SoundI::release                          : release subsounds. (0000000031BF0E98)
[LOG] SoundI::release                          :     (null) (000000004B7859B8)
[LOG] SoundI::release                          : release codec. (0000000031BF0E98)
[LOG] SoundI::release                          : (null) (000000004B3BA398)
[LOG] SoundI::release                          : release subsounds. (000000004B3BA398)
[LOG] SoundI::release                          :     (null) (000000004B785698)
[LOG] SoundI::release                          : release codec. (000000004B3BA398)
[LOG] SoundI::release                          : (null) (000000004B3BA228)
[LOG] SoundI::release                          : release subsounds. (000000004B3BA228)
[LOG] SoundI::release                          :     (null) (000000004B784248)
[LOG] SoundI::release                          : release codec. (000000004B3BA228)
[LOG] SoundI::release                          : (null) (0000000031BF0A48)
[LOG] SoundI::release                          : release subsounds. (0000000031BF0A48)
[LOG] SoundI::release                          :     (null) (000000004B785E68)
[LOG] SoundI::release                          : release codec. (0000000031BF0A48)
[LOG] SoundI::release                          : (null) (000000004B3B90E8)
[LOG] SoundI::release                          : release subsounds. (000000004B3B90E8)
[LOG] SoundI::release                          :     (null) (000000004B7851E8)
[LOG] SoundI::release                          : release codec. (000000004B3B90E8)
[LOG] SoundI::release                          : (null) (000000004B3B89B8)
[LOG] SoundI::release                          : release subsounds. (000000004B3B89B8)
[LOG] SoundI::release                          :     (null) (000000004B784568)
[LOG] SoundI::release                          : release codec. (000000004B3B89B8)
[LOG] SoundI::release                          : (null) (0000000031BEF068)
[LOG] SoundI::release                          : release subsounds. (0000000031BEF068)
[LOG] SoundI::release                          :     (null) (000000004B785B48)
[LOG] SoundI::release                          : release codec. (0000000031BEF068)
[LOG] SoundI::release                          : (null) (000000004B3B9538)
[LOG] SoundI::release                          : release subsounds. (000000004B3B9538)
[LOG] SoundI::release                          :     (null) (000000004B7840B8)
[LOG] SoundI::release                          : release codec. (000000004B3B9538)
[LOG] SystemI::createSoundInternal             : filename =  : mode 0a000202
[LOG] SystemI::createSoundInternal             : exinfo->cbsize             = 232
[LOG] SystemI::createSoundInternal             : exinfo->length             = 3972832
[LOG] SystemI::createSoundInternal             : exinfo->fileoffset         = 29888
[LOG] SystemI::createSoundInternal             : exinfo->numsubsounds       = 1
[LOG] SystemI::createSoundInternal             : exinfo->inclusionlist      = 0000000078A3FB48
[LOG] SystemI::createSoundInternal             : exinfo->inclusionlistnum   = 1
[LOG] SystemI::createSoundInternal             : exinfo->suggestedsoundtype = 5
[LOG] SystemI::createSoundInternal             : exinfo->useropen           = 00007FFFE32F2E20
[LOG] SystemI::createSoundInternal             : exinfo->userclose          = 00007FFFE32F2DF0
[LOG] SystemI::createSoundInternal             : exinfo->userread           = 00007FFFE32F2F00
[LOG] SystemI::createSoundInternal             : exinfo->userseek           = 00007FFFE32F2FB0
[LOG] SystemI::createSoundInternal             : exinfo->fileuserdata       = 0000000069221528
[LOG] SystemI::createSoundInternal             : exinfo->initialseekpostype = 1
[LOG] SystemI::createSoundInternal             : Format has 1 subsounds.
[LOG] SystemI::createSoundInternal             : Create as FMOD_CREATESAMPLE
[LOG] SystemI::createSoundInternal             : Multi-sample sound (1 subsounds), create a sample container.
[LOG] SystemI::createSoundInternal             : creating subsound 0/1
[LOG] SystemI::createSample                    : mode 0a000202 length 179712 samples, lengthbytes 43200
[LOG] SystemI::createSample                    : channels = 2
[LOG] SystemI::createSample                    : output = 00000000316B5398
[LOG] OutputSoftware::createSample             : lengthpcm 179712, lengthbytes 43200, channels 2, format 2, freq 48000, mode 0a00020a
[LOG] SystemI::createSoundInternal             : done.  OpenState now = FMOD_OPENSTATE_READY.

[LOG] SystemI::createSoundInternal             : filename =  : mode 0a000202
[LOG] SystemI::createSoundInternal             : exinfo->cbsize             = 232
[LOG] SystemI::createSoundInternal             : exinfo->length             = 3972832
[LOG] SystemI::createSoundInternal             : exinfo->fileoffset         = 29888
[LOG] SystemI::createSoundInternal             : exinfo->numsubsounds       = 1
[LOG] SystemI::createSoundInternal             : exinfo->inclusionlist      = 0000000078A3FB48
[LOG] SystemI::createSoundInternal             : exinfo->inclusionlistnum   = 1
[LOG] SystemI::createSoundInternal             : exinfo->suggestedsoundtype = 5
[LOG] SystemI::createSoundInternal             : exinfo->useropen           = 00007FFFE32F2E20
[LOG] SystemI::createSoundInternal             : exinfo->userclose          = 00007FFFE32F2DF0
[LOG] SystemI::createSoundInternal             : exinfo->userread           = 00007FFFE32F2F00
[LOG] SystemI::createSoundInternal             : exinfo->userseek           = 00007FFFE32F2FB0
[LOG] SystemI::createSoundInternal             : exinfo->fileuserdata       = 0000000069221528
[LOG] SystemI::createSoundInternal             : exinfo->initialseekpostype = 1
[LOG] SystemI::createSoundInternal             : Format has 1 subsounds.
[LOG] SystemI::createSoundInternal             : Create as FMOD_CREATESAMPLE
[LOG] SystemI::createSoundInternal             : Multi-sample sound (1 subsounds), create a sample container.
[LOG] SystemI::createSoundInternal             : creating subsound 0/1
[LOG] SystemI::createSample                    : mode 0a000202 length 179712 samples, lengthbytes 42304
[LOG] SystemI::createSample                    : channels = 2
[LOG] SystemI::createSample                    : output = 00000000316B5398
[LOG] OutputSoftware::createSample             : lengthpcm 179712, lengthbytes 42304, channels 2, format 2, freq 48000, mode 0a00020a
[LOG] SystemI::createSoundInternal             : done.  OpenState now = FMOD_OPENSTATE_READY.

[LOG] SystemI::createSoundInternal             : filename =  : mode 0a000202
[LOG] SystemI::createSoundInternal             : exinfo->cbsize             = 232
[LOG] SystemI::createSoundInternal             : exinfo->length             = 3972832
[LOG] SystemI::createSoundInternal             : exinfo->fileoffset         = 29888
[LOG] SystemI::createSoundInternal             : exinfo->numsubsounds       = 1
[LOG] SystemI::createSoundInternal             : exinfo->inclusionlist      = 0000000078A3FB48
[LOG] SystemI::createSoundInternal             : exinfo->inclusionlistnum   = 1
[LOG] SystemI::createSoundInternal             : exinfo->suggestedsoundtype = 5
[LOG] SystemI::createSoundInternal             : exinfo->useropen           = 00007FFFE32F2E20
[LOG] SystemI::createSoundInternal             : exinfo->userclose          = 00007FFFE32F2DF0
[LOG] SystemI::createSoundInternal             : exinfo->userread           = 00007FFFE32F2F00
[LOG] SystemI::createSoundInternal             : exinfo->userseek           = 00007FFFE32F2FB0
[LOG] SystemI::createSoundInternal             : exinfo->fileuserdata       = 0000000069221528
[LOG] SystemI::createSoundInternal             : exinfo->initialseekpostype = 1
[LOG] SystemI::createSoundInternal             : Format has 1 subsounds.
[LOG] SystemI::createSoundInternal             : Create as FMOD_CREATESAMPLE
[LOG] SystemI::createSoundInternal             : Multi-sample sound (1 subsounds), create a sample container.
[LOG] SystemI::createSoundInternal             : creating subsound 0/1
[LOG] SystemI::createSample                    : mode 0a000202 length 179712 samples, lengthbytes 43648
[LOG] SystemI::createSample                    : channels = 2
[LOG] SystemI::createSample                    : output = 00000000316B5398
[LOG] OutputSoftware::createSample             : lengthpcm 179712, lengthbytes 43648, channels 2, format 2, freq 48000, mode 0a00020a
[LOG] SystemI::createSoundInternal             : done.  OpenState now = FMOD_OPENSTATE_READY.

[LOG] SystemI::createSoundInternal             : filename =  : mode 0a000202
[LOG] SystemI::createSoundInternal             : exinfo->cbsize             = 232
[LOG] SystemI::createSoundInternal             : exinfo->length             = 3972832
[LOG] SystemI::createSoundInternal             : exinfo->fileoffset         = 29888
[LOG] SystemI::createSoundInternal             : exinfo->numsubsounds       = 1
[LOG] SystemI::createSoundInternal             : exinfo->inclusionlist      = 0000000078A3FB48
[LOG] SystemI::createSoundInternal             : exinfo->inclusionlistnum   = 1
[LOG] SystemI::createSoundInternal             : exinfo->suggestedsoundtype = 5
[LOG] SystemI::createSoundInternal             : exinfo->useropen           = 00007FFFE32F2E20
[LOG] SystemI::createSoundInternal             : exinfo->userclose          = 00007FFFE32F2DF0
[LOG] SystemI::createSoundInternal             : exinfo->userread           = 00007FFFE32F2F00
[LOG] SystemI::createSoundInternal             : exinfo->userseek           = 00007FFFE32F2FB0
[LOG] SystemI::createSoundInternal             : exinfo->fileuserdata       = 0000000069221528
[LOG] SystemI::createSoundInternal             : exinfo->initialseekpostype = 1
[LOG] SystemI::createSoundInternal             : Format has 1 subsounds.
[LOG] SystemI::createSoundInternal             : Create as FMOD_CREATESAMPLE
[LOG] SystemI::createSoundInternal             : Multi-sample sound (1 subsounds), create a sample container.
[LOG] SystemI::createSoundInternal             : creating subsound 0/1
[LOG] SystemI::createSample                    : mode 0a000202 length 179712 samples, lengthbytes 43168
[LOG] SystemI::createSample                    : channels = 2
[LOG] SystemI::createSample                    : output = 00000000316B5398
[LOG] OutputSoftware::createSample             : lengthpcm 179712, lengthbytes 43168, channels 2, format 2, freq 48000, mode 0a00020a
[LOG] SystemI::createSoundInternal             : done.  OpenState now = FMOD_OPENSTATE_READY.

[LOG] SystemI::createSoundInternal             : filename =  : mode 0a000202
[LOG] SystemI::createSoundInternal             : exinfo->cbsize             = 232
[LOG] SystemI::createSoundInternal             : exinfo->length             = 3972832
[LOG] SystemI::createSoundInternal             : exinfo->fileoffset         = 29888
[LOG] SystemI::createSoundInternal             : exinfo->numsubsounds       = 1
[LOG] SystemI::createSoundInternal             : exinfo->inclusionlist      = 0000000078A3FB48
[LOG] SystemI::createSoundInternal             : exinfo->inclusionlistnum   = 1
[LOG] SystemI::createSoundInternal             : exinfo->suggestedsoundtype = 5
[LOG] SystemI::createSoundInternal             : exinfo->useropen           = 00007FFFE32F2E20
[LOG] SystemI::createSoundInternal             : exinfo->userclose          = 00007FFFE32F2DF0
[LOG] SystemI::createSoundInternal             : exinfo->userread           = 00007FFFE32F2F00
[LOG] SystemI::createSoundInternal             : exinfo->userseek           = 00007FFFE32F2FB0
[LOG] SystemI::createSoundInternal             : exinfo->fileuserdata       = 0000000069221528
[LOG] SystemI::createSoundInternal             : exinfo->initialseekpostype = 1
[LOG] SystemI::createSoundInternal             : Format has 1 subsounds.
[LOG] SystemI::createSoundInternal             : Create as FMOD_CREATESAMPLE
[LOG] SystemI::createSoundInternal             : Multi-sample sound (1 subsounds), create a sample container.
[LOG] SystemI::createSoundInternal             : creating subsound 0/1
[LOG] SystemI::createSample                    : mode 0a000202 length 179712 samples, lengthbytes 43776
[LOG] SystemI::createSample                    : channels = 2
[LOG] SystemI::createSample                    : output = 00000000316B5398
[LOG] OutputSoftware::createSample             : lengthpcm 179712, lengthbytes 43776, channels 2, format 2, freq 48000, mode 0a00020a
[LOG] SystemI::createSoundInternal             : done.  OpenState now = FMOD_OPENSTATE_READY.

[LOG] SystemI::createSoundInternal             : filename =  : mode 0a000202
[LOG] SystemI::createSoundInternal             : exinfo->cbsize             = 232
[LOG] SystemI::createSoundInternal             : exinfo->length             = 3972832
[LOG] SystemI::createSoundInternal             : exinfo->fileoffset         = 29888
[LOG] SystemI::createSoundInternal             : exinfo->numsubsounds       = 1
[LOG] SystemI::createSoundInternal             : exinfo->inclusionlist      = 0000000078A3FB48
[LOG] SystemI::createSoundInternal             : exinfo->inclusionlistnum   = 1
[LOG] SystemI::createSoundInternal             : exinfo->suggestedsoundtype = 5
[LOG] SystemI::createSoundInternal             : exinfo->useropen           = 00007FFFE32F2E20
[LOG] SystemI::createSoundInternal             : exinfo->userclose          = 00007FFFE32F2DF0
[LOG] SystemI::createSoundInternal             : exinfo->userread           = 00007FFFE32F2F00
[LOG] SystemI::createSoundInternal             : exinfo->userseek           = 00007FFFE32F2FB0
[LOG] SystemI::createSoundInternal             : exinfo->fileuserdata       = 0000000069221528
[LOG] SystemI::createSoundInternal             : exinfo->initialseekpostype = 1
[LOG] SystemI::createSoundInternal             : Format has 1 subsounds.
[LOG] SystemI::createSoundInternal             : Create as FMOD_CREATESAMPLE
[LOG] SystemI::createSoundInternal             : Multi-sample sound (1 subsounds), create a sample container.
[LOG] SystemI::createSoundInternal             : creating subsound 0/1
[LOG] SystemI::createSample                    : mode 0a000202 length 179712 samples, lengthbytes 42976
[LOG] SystemI::createSample                    : channels = 2
[LOG] SystemI::createSample                    : output = 00000000316B5398
[LOG] OutputSoftware::createSample             : lengthpcm 179712, lengthbytes 42976, channels 2, format 2, freq 48000, mode 0a00020a
[LOG] SystemI::createSoundInternal             : done.  OpenState now = FMOD_OPENSTATE_READY.

[LOG] SystemI::createSoundInternal             : filename =  : mode 0a000202
[LOG] SystemI::createSoundInternal             : exinfo->cbsize             = 232
[LOG] SystemI::createSoundInternal             : exinfo->length             = 3972832
[LOG] SystemI::createSoundInternal             : exinfo->fileoffset         = 29888
[LOG] SystemI::createSoundInternal             : exinfo->numsubsounds       = 1
[LOG] SystemI::createSoundInternal             : exinfo->inclusionlist      = 0000000078A3FB48
[LOG] SystemI::createSoundInternal             : exinfo->inclusionlistnum   = 1
[LOG] SystemI::createSoundInternal             : exinfo->suggestedsoundtype = 5
[LOG] SystemI::createSoundInternal             : exinfo->useropen           = 00007FFFE32F2E20
[LOG] SystemI::createSoundInternal             : exinfo->userclose          = 00007FFFE32F2DF0
[LOG] SystemI::createSoundInternal             : exinfo->userread           = 00007FFFE32F2F00
[LOG] SystemI::createSoundInternal             : exinfo->userseek           = 00007FFFE32F2FB0
[LOG] SystemI::createSoundInternal             : exinfo->fileuserdata       = 0000000069221528
[LOG] SystemI::createSoundInternal             : exinfo->initialseekpostype = 1
[LOG] SystemI::createSoundInternal             : Format has 1 subsounds.
[LOG] SystemI::createSoundInternal             : Create as FMOD_CREATESAMPLE
[LOG] SystemI::createSoundInternal             : Multi-sample sound (1 subsounds), create a sample container.
[LOG] SystemI::createSoundInternal             : creating subsound 0/1
[LOG] SystemI::createSample                    : mode 0a000202 length 179712 samples, lengthbytes 43520
[LOG] SystemI::createSample                    : channels = 2
[LOG] SystemI::createSample                    : output = 00000000316B5398
[LOG] OutputSoftware::createSample             : lengthpcm 179712, lengthbytes 43520, channels 2, format 2, freq 48000, mode 0a00020a
[LOG] SystemI::createSoundInternal             : done.  OpenState now = FMOD_OPENSTATE_READY.

[LOG] SystemI::createSoundInternal             : filename =  : mode 0a000202
[LOG] SystemI::createSoundInternal             : exinfo->cbsize             = 232
[LOG] SystemI::createSoundInternal             : exinfo->length             = 3972832
[LOG] SystemI::createSoundInternal             : exinfo->fileoffset         = 29888
[LOG] SystemI::createSoundInternal             : exinfo->numsubsounds       = 1
[LOG] SystemI::createSoundInternal             : exinfo->inclusionlist      = 0000000078A3FB48
[LOG] SystemI::createSoundInternal             : exinfo->inclusionlistnum   = 1
[LOG] SystemI::createSoundInternal             : exinfo->suggestedsoundtype = 5
[LOG] SystemI::createSoundInternal             : exinfo->useropen           = 00007FFFE32F2E20
[LOG] SystemI::createSoundInternal             : exinfo->userclose          = 00007FFFE32F2DF0
[LOG] SystemI::createSoundInternal             : exinfo->userread           = 00007FFFE32F2F00
[LOG] SystemI::createSoundInternal             : exinfo->userseek           = 00007FFFE32F2FB0
[LOG] SystemI::createSoundInternal             : exinfo->fileuserdata       = 0000000069221528
[LOG] SystemI::createSoundInternal             : exinfo->initialseekpostype = 1
[LOG] SystemI::createSoundInternal             : Format has 1 subsounds.
[LOG] SystemI::createSoundInternal             : Create as FMOD_CREATESAMPLE
[LOG] SystemI::createSoundInternal             : Multi-sample sound (1 subsounds), create a sample container.
[LOG] SystemI::createSoundInternal             : creating subsound 0/1
[LOG] SystemI::createSample                    : mode 0a000202 length 179712 samples, lengthbytes 43616
[LOG] SystemI::createSample                    : channels = 2
[LOG] SystemI::createSample                    : output = 00000000316B5398
[LOG] OutputSoftware::createSample             : lengthpcm 179712, lengthbytes 43616, channels 2, format 2, freq 48000, mode 0a00020a
[LOG] SystemI::createSoundInternal             : done.  OpenState now = FMOD_OPENSTATE_READY.

[WRN] EventInstance::update                    : Event {8ff2e91d-5e16-4006-8740-6c3629b0fb27} waited 70 milliseconds for sample data to load.  Preload sample data to avoid this delay.
[LOG] SoundI::release                          : (null) (000000004B3BA0B8)
[LOG] SoundI::release                          : release subsounds. (000000004B3BA0B8)
[LOG] SoundI::release                          :     (null) (000000004B784BA8)
[LOG] SoundI::release                          : release codec. (000000004B3BA0B8)
[LOG] SoundI::release                          : (null) (000000004B3B96A8)
[LOG] SoundI::release                          : release subsounds. (000000004B3B96A8)
[LOG] SoundI::release                          :     (null) (000000004B472B08)
[LOG] SoundI::release                          : release codec. (000000004B3B96A8)
[LOG] SoundI::release                          : (null) (000000004B3BA508)
[LOG] SoundI::release                          : release subsounds. (000000004B3BA508)
[LOG] SoundI::release                          :     (null) (000000004B784A18)
[LOG] SoundI::release                          : release codec. (000000004B3BA508)
[LOG] SoundI::release                          : (null) (000000004B3B8B28)
[LOG] SoundI::release                          : release subsounds. (000000004B3B8B28)
[LOG] SoundI::release                          :     (null) (000000004B785378)
[LOG] SoundI::release                          : release codec. (000000004B3B8B28)
[LOG] SoundI::release                          : (null) (000000004B3B9F48)
[LOG] SoundI::release                          : release subsounds. (000000004B3B9F48)
[LOG] SoundI::release                          :     (null) (000000004B784888)
[LOG] SoundI::release                          : release codec. (000000004B3B9F48)
[LOG] SoundI::release                          : (null) (000000004B3B9988)
[LOG] SoundI::release                          : release subsounds. (000000004B3B9988)
[LOG] SoundI::release                          :     (null) (000000004B472338)
[LOG] SoundI::release                          : release codec. (000000004B3B9988)
[LOG] SoundI::release                          : (null) (000000004B3B8F78)
[LOG] SoundI::release                          : release subsounds. (000000004B3B8F78)
[LOG] SoundI::release                          :     (null) (000000004B472C98)
[LOG] SoundI::release                          : release codec. (000000004B3B8F78)
[LOG] SystemI::createSoundInternal             : filename =  : mode 0a000202
[LOG] SystemI::createSoundInternal             : exinfo->cbsize             = 232
[LOG] SystemI::createSoundInternal             : exinfo->length             = 3972832
[LOG] SystemI::createSoundInternal             : exinfo->fileoffset         = 29888
[LOG] SystemI::createSoundInternal             : exinfo->numsubsounds       = 1
[LOG] SystemI::createSoundInternal             : exinfo->inclusionlist      = 0000000078A3FB48
[LOG] SystemI::createSoundInternal             : exinfo->inclusionlistnum   = 1
[LOG] SystemI::createSoundInternal             : exinfo->suggestedsoundtype = 5
[LOG] SystemI::createSoundInternal             : exinfo->useropen           = 00007FFFE32F2E20
[LOG] SystemI::createSoundInternal             : exinfo->userclose          = 00007FFFE32F2DF0
[LOG] SystemI::createSoundInternal             : exinfo->userread           = 00007FFFE32F2F00
[LOG] SystemI::createSoundInternal             : exinfo->userseek           = 00007FFFE32F2FB0
[LOG] SystemI::createSoundInternal             : exinfo->fileuserdata       = 0000000069221B88
[LOG] SystemI::createSoundInternal             : exinfo->initialseekpostype = 1
[LOG] SystemI::createSoundInternal             : Format has 1 subsounds.
[LOG] SystemI::createSoundInternal             : Create as FMOD_CREATESAMPLE
[LOG] SystemI::createSoundInternal             : Multi-sample sound (1 subsounds), create a sample container.
[LOG] SystemI::createSoundInternal             : creating subsound 0/1
[LOG] SystemI::createSample                    : mode 0a000202 length 179712 samples, lengthbytes 44512
[LOG] SystemI::createSample                    : channels = 2
[LOG] SystemI::createSample                    : output = 00000000316B5398
[LOG] OutputSoftware::createSample             : lengthpcm 179712, lengthbytes 44512, channels 2, format 2, freq 48000, mode 0a00020a
[LOG] SystemI::createSoundInternal             : done.  OpenState now = FMOD_OPENSTATE_READY.

[LOG] SystemI::createSoundInternal             : filename =  : mode 0a000202
[LOG] SystemI::createSoundInternal             : exinfo->cbsize             = 232
[LOG] SystemI::createSoundInternal             : exinfo->length             = 3972832
[LOG] SystemI::createSoundInternal             : exinfo->fileoffset         = 29888
[LOG] SystemI::createSoundInternal             : exinfo->numsubsounds       = 1
[LOG] SystemI::createSoundInternal             : exinfo->inclusionlist      = 0000000078A3FB48
[LOG] SystemI::createSoundInternal             : exinfo->inclusionlistnum   = 1
[LOG] SystemI::createSoundInternal             : exinfo->suggestedsoundtype = 5
[LOG] SystemI::createSoundInternal             : exinfo->useropen           = 00007FFFE32F2E20
[LOG] SystemI::createSoundInternal             : exinfo->userclose          = 00007FFFE32F2DF0
[LOG] SystemI::createSoundInternal             : exinfo->userread           = 00007FFFE32F2F00
[LOG] SystemI::createSoundInternal             : exinfo->userseek           = 00007FFFE32F2FB0
[LOG] SystemI::createSoundInternal             : exinfo->fileuserdata       = 0000000069221B88
[LOG] SystemI::createSoundInternal             : exinfo->initialseekpostype = 1
[LOG] SystemI::createSoundInternal             : Format has 1 subsounds.
[LOG] SystemI::createSoundInternal             : Create as FMOD_CREATESAMPLE
[LOG] SystemI::createSoundInternal             : Multi-sample sound (1 subsounds), create a sample container.
[LOG] SystemI::createSoundInternal             : creating subsound 0/1
[LOG] SystemI::createSample                    : mode 0a000202 length 179712 samples, lengthbytes 44512
[LOG] SystemI::createSample                    : channels = 2
[LOG] SystemI::createSample                    : output = 00000000316B5398
[LOG] OutputSoftware::createSample             : lengthpcm 179712, lengthbytes 44512, channels 2, format 2, freq 48000, mode 0a00020a
[LOG] SystemI::createSoundInternal             : done.  OpenState now = FMOD_OPENSTATE_READY.

[LOG] SystemI::createSoundInternal             : filename =  : mode 0a000202
[LOG] SystemI::createSoundInternal             : exinfo->cbsize             = 232
[LOG] SystemI::createSoundInternal             : exinfo->length             = 3972832
[LOG] SystemI::createSoundInternal             : exinfo->fileoffset         = 29888
[LOG] SystemI::createSoundInternal             : exinfo->numsubsounds       = 1
[LOG] SystemI::createSoundInternal             : exinfo->inclusionlist      = 0000000078A3FB48
[LOG] SystemI::createSoundInternal             : exinfo->inclusionlistnum   = 1
[LOG] SystemI::createSoundInternal             : exinfo->suggestedsoundtype = 5
[LOG] SystemI::createSoundInternal             : exinfo->useropen           = 00007FFFE32F2E20
[LOG] SystemI::createSoundInternal             : exinfo->userclose          = 00007FFFE32F2DF0
[LOG] SystemI::createSoundInternal             : exinfo->userread           = 00007FFFE32F2F00
[LOG] SystemI::createSoundInternal             : exinfo->userseek           = 00007FFFE32F2FB0
[LOG] SystemI::createSoundInternal             : exinfo->fileuserdata       = 0000000069221B88
[LOG] SystemI::createSoundInternal             : exinfo->initialseekpostype = 1
[LOG] SystemI::createSoundInternal             : Format has 1 subsounds.
[LOG] SystemI::createSoundInternal             : Create as FMOD_CREATESAMPLE
[LOG] SystemI::createSoundInternal             : Multi-sample sound (1 subsounds), create a sample container.
[LOG] SystemI::createSoundInternal             : creating subsound 0/1
[LOG] SystemI::createSample                    : mode 0a000202 length 179712 samples, lengthbytes 44096
[LOG] SystemI::createSample                    : channels = 2
[LOG] SystemI::createSample                    : output = 00000000316B5398
[LOG] OutputSoftware::createSample             : lengthpcm 179712, lengthbytes 44096, channels 2, format 2, freq 48000, mode 0a00020a
[LOG] SystemI::createSoundInternal             : done.  OpenState now = FMOD_OPENSTATE_READY.

[LOG] SystemI::createSoundInternal             : filename =  : mode 0a000202
[LOG] SystemI::createSoundInternal             : exinfo->cbsize             = 232
[LOG] SystemI::createSoundInternal             : exinfo->length             = 3972832
[LOG] SystemI::createSoundInternal             : exinfo->fileoffset         = 29888
[LOG] SystemI::createSoundInternal             : exinfo->numsubsounds       = 1
[LOG] SystemI::createSoundInternal             : exinfo->inclusionlist      = 0000000078A3FB48
[LOG] SystemI::createSoundInternal             : exinfo->inclusionlistnum   = 1
[LOG] SystemI::createSoundInternal             : exinfo->suggestedsoundtype = 5
[LOG] SystemI::createSoundInternal             : exinfo->useropen           = 00007FFFE32F2E20
[LOG] SystemI::createSoundInternal             : exinfo->userclose          = 00007FFFE32F2DF0
[LOG] SystemI::createSoundInternal             : exinfo->userread           = 00007FFFE32F2F00
[LOG] SystemI::createSoundInternal             : exinfo->userseek           = 00007FFFE32F2FB0
[LOG] SystemI::createSoundInternal             : exinfo->fileuserdata       = 0000000069221B88
[LOG] SystemI::createSoundInternal             : exinfo->initialseekpostype = 1
[LOG] SystemI::createSoundInternal             : Format has 1 subsounds.
[LOG] SystemI::createSoundInternal             : Create as FMOD_CREATESAMPLE
[LOG] SystemI::createSoundInternal             : Multi-sample sound (1 subsounds), create a sample container.
[LOG] SystemI::createSoundInternal             : creating subsound 0/1
[LOG] SystemI::createSample                    : mode 0a000202 length 179712 samples, lengthbytes 43680
[LOG] SystemI::createSample                    : channels = 2
[LOG] SystemI::createSample                    : output = 00000000316B5398
[LOG] OutputSoftware::createSample             : lengthpcm 179712, lengthbytes 43680, channels 2, format 2, freq 48000, mode 0a00020a
[LOG] SystemI::createSoundInternal             : done.  OpenState now = FMOD_OPENSTATE_READY.

[LOG] SystemI::createSoundInternal             : filename =  : mode 0a000202
[LOG] SystemI::createSoundInternal             : exinfo->cbsize             = 232
[LOG] SystemI::createSoundInternal             : exinfo->length             = 3972832
[LOG] SystemI::createSoundInternal             : exinfo->fileoffset         = 29888
[LOG] SystemI::createSoundInternal             : exinfo->numsubsounds       = 1
[LOG] SystemI::createSoundInternal             : exinfo->inclusionlist      = 0000000078A3FB48
[LOG] SystemI::createSoundInternal             : exinfo->inclusionlistnum   = 1
[LOG] SystemI::createSoundInternal             : exinfo->suggestedsoundtype = 5
[LOG] SystemI::createSoundInternal             : exinfo->useropen           = 00007FFFE32F2E20
[LOG] SystemI::createSoundInternal             : exinfo->userclose          = 00007FFFE32F2DF0
[LOG] SystemI::createSoundInternal             : exinfo->userread           = 00007FFFE32F2F00
[LOG] SystemI::createSoundInternal             : exinfo->userseek           = 00007FFFE32F2FB0
[LOG] SystemI::createSoundInternal             : exinfo->fileuserdata       = 0000000069221B88
[LOG] SystemI::createSoundInternal             : exinfo->initialseekpostype = 1
[LOG] SystemI::createSoundInternal             : Format has 1 subsounds.
[LOG] SystemI::createSoundInternal             : Create as FMOD_CREATESAMPLE
[LOG] SystemI::createSoundInternal             : Multi-sample sound (1 subsounds), create a sample container.
[LOG] SystemI::createSoundInternal             : creating subsound 0/1
[LOG] SystemI::createSample                    : mode 0a000202 length 179712 samples, lengthbytes 44064
[LOG] SystemI::createSample                    : channels = 2
[LOG] SystemI::createSample                    : output = 00000000316B5398
[LOG] OutputSoftware::createSample             : lengthpcm 179712, lengthbytes 44064, channels 2, format 2, freq 48000, mode 0a00020a
[LOG] SystemI::createSoundInternal             : done.  OpenState now = FMOD_OPENSTATE_READY.

[WRN] EventInstance::update                    : Event {04472d8b-025f-4f06-a550-56cf3b42a850} waited 59 milliseconds for sample data to load.  Preload sample data to avoid this delay.
[LOG] SystemI::createSoundInternal             : filename =  : mode 0a000202
[LOG] SystemI::createSoundInternal             : exinfo->cbsize             = 232
[LOG] SystemI::createSoundInternal             : exinfo->length             = 3972832
[LOG] SystemI::createSoundInternal             : exinfo->fileoffset         = 29888
[LOG] SystemI::createSoundInternal             : exinfo->numsubsounds       = 1
[LOG] SystemI::createSoundInternal             : exinfo->inclusionlist      = 0000000078A3FB48
[LOG] SystemI::createSoundInternal             : exinfo->inclusionlistnum   = 1
[LOG] SystemI::createSoundInternal             : exinfo->suggestedsoundtype = 5
[LOG] SystemI::createSoundInternal             : exinfo->useropen           = 00007FFFE32F2E20
[LOG] SystemI::createSoundInternal             : exinfo->userclose          = 00007FFFE32F2DF0
[LOG] SystemI::createSoundInternal             : exinfo->userread           = 00007FFFE32F2F00
[LOG] SystemI::createSoundInternal             : exinfo->userseek           = 00007FFFE32F2FB0
[LOG] SystemI::createSoundInternal             : exinfo->fileuserdata       = 0000000069221748
[LOG] SystemI::createSoundInternal             : exinfo->initialseekpostype = 1
[LOG] SystemI::createSoundInternal             : Format has 1 subsounds.
[LOG] SystemI::createSoundInternal             : Create as FMOD_CREATESAMPLE
[LOG] SystemI::createSoundInternal             : Multi-sample sound (1 subsounds), create a sample container.
[LOG] SystemI::createSoundInternal             : creating subsound 0/1
[LOG] SystemI::createSample                    : mode 0a000202 length 144000 samples, lengthbytes 34592
[LOG] SystemI::createSample                    : channels = 2
[LOG] SystemI::createSample                    : output = 00000000316B5398
[LOG] OutputSoftware::createSample             : lengthpcm 144000, lengthbytes 34592, channels 2, format 2, freq 48000, mode 0a00020a
[LOG] SystemI::createSoundInternal             : done.  OpenState now = FMOD_OPENSTATE_READY.

[LOG] SystemI::createSoundInternal             : filename =  : mode 0a000202
[LOG] SystemI::createSoundInternal             : exinfo->cbsize             = 232
[LOG] SystemI::createSoundInternal             : exinfo->length             = 3972832
[LOG] SystemI::createSoundInternal             : exinfo->fileoffset         = 29888
[LOG] SystemI::createSoundInternal             : exinfo->numsubsounds       = 1
[LOG] SystemI::createSoundInternal             : exinfo->inclusionlist      = 0000000078A3FB48
[LOG] SystemI::createSoundInternal             : exinfo->inclusionlistnum   = 1
[LOG] SystemI::createSoundInternal             : exinfo->suggestedsoundtype = 5
[LOG] SystemI::createSoundInternal             : exinfo->useropen           = 00007FFFE32F2E20
[LOG] SystemI::createSoundInternal             : exinfo->userclose          = 00007FFFE32F2DF0
[LOG] SystemI::createSoundInternal             : exinfo->userread           = 00007FFFE32F2F00
[LOG] SystemI::createSoundInternal             : exinfo->userseek           = 00007FFFE32F2FB0
[LOG] SystemI::createSoundInternal             : exinfo->fileuserdata       = 0000000069221748
[LOG] SystemI::createSoundInternal             : exinfo->initialseekpostype = 1
[LOG] SystemI::createSoundInternal             : Format has 1 subsounds.
[LOG] SystemI::createSoundInternal             : Create as FMOD_CREATESAMPLE
[LOG] SystemI::createSoundInternal             : Multi-sample sound (1 subsounds), create a sample container.
[LOG] SystemI::createSoundInternal             : creating subsound 0/1
[LOG] SystemI::createSample                    : mode 0a000202 length 144000 samples, lengthbytes 34464
[LOG] SystemI::createSample                    : channels = 2
[LOG] SystemI::createSample                    : output = 00000000316B5398
[LOG] OutputSoftware::createSample             : lengthpcm 144000, lengthbytes 34464, channels 2, format 2, freq 48000, mode 0a00020a
[LOG] SystemI::createSoundInternal             : done.  OpenState now = FMOD_OPENSTATE_READY.

[LOG] SoundI::release                          : (null) (000000004B3B8F78)
[LOG] SoundI::release                          : release subsounds. (000000004B3B8F78)
[LOG] SoundI::release                          :     (null) (000000004B784248)
[LOG] SoundI::release                          : release codec. (000000004B3B8F78)
[LOG] SoundI::release                          : (null) (000000004B3B9F48)
[LOG] SoundI::release                          : release subsounds. (000000004B3B9F48)
[LOG] SoundI::release                          :     (null) (000000004B784A18)
[LOG] SoundI::release                          : release codec. (000000004B3B9F48)
[LOG] SoundI::release                          : (null) (000000000CF8CC28)
[LOG] SoundI::release                          : release subsounds. (000000000CF8CC28)
[LOG] SoundI::release                          :     (null) (000000004B472978)
[LOG] SoundI::release                          : release codec. (000000000CF8CC28)
[LOG] SoundI::release                          : (null) (000000000CF8CF08)
[LOG] SoundI::release                          : release subsounds. (000000000CF8CF08)
[LOG] SoundI::release                          :     (null) (000000000F92C938)
[LOG] SoundI::release                          : release codec. (000000000CF8CF08)
[LOG] SoundI::release                          : (null) (000000000CF8E1B8)
[LOG] SoundI::release                          : release subsounds. (000000000CF8E1B8)
[LOG] SoundI::release                          :     (null) (000000004B4727E8)
[LOG] SoundI::release                          : release codec. (000000000CF8E1B8)
[LOG] SoundI::release                          : (null) (000000004B3B8E08)
[LOG] SoundI::release                          : release subsounds. (000000004B3B8E08)
[LOG] SoundI::release                          :     (null) (000000004B472018)
[LOG] SoundI::release                          : release codec. (000000004B3B8E08)
[LOG] SoundI::release                          : (null) (000000000CF8E498)
[LOG] SoundI::release                          : release subsounds. (000000000CF8E498)
[LOG] SoundI::release                          :     (null) (000000000F92D5B8)
[LOG] SoundI::release                          : release codec. (000000000CF8E498)
[LOG] SoundI::release                          : (null) (000000004B3B9C68)
[LOG] SoundI::release                          : release subsounds. (000000004B3B9C68)
[LOG] SoundI::release                          :     (null) (000000004B4724C8)
[LOG] SoundI::release                          : release codec. (000000004B3B9C68)
[LOG] SoundI::release                          : (null) (000000004B3B9DD8)
[LOG] SoundI::release                          : release subsounds. (000000004B3B9DD8)
[LOG] SoundI::release                          :     (null) (000000004B472658)
[LOG] SoundI::release                          : release codec. (000000004B3B9DD8)
[LOG] SoundI::release                          : (null) (000000001D49FE58)
[LOG] SoundI::release                          : release subsounds. (000000001D49FE58)
[LOG] SoundI::release                          :     (null) (000000004B7859B8)
[LOG] SoundI::release                          : release codec. (000000001D49FE58)
[LOG] SoundI::release                          : (null) (000000004B3B89B8)
[LOG] SoundI::release                          : release subsounds. (000000004B3B89B8)
[LOG] SoundI::release                          :     (null) (000000004B784888)
[LOG] SoundI::release                          : release codec. (000000004B3B89B8)
[LOG] SoundI::release                          : (null) (000000001D4A1108)
[LOG] SoundI::release                          : release subsounds. (000000001D4A1108)
[LOG] SoundI::release                          :     (null) (000000004B785698)
[LOG] SoundI::release                          : release codec. (000000001D4A1108)
[LOG] SoundI::release                          : (null) (000000001D4A1278)
[LOG] SoundI::release                          : release subsounds. (000000001D4A1278)
[LOG] SoundI::release                          :     (null) (000000004B785E68)
[LOG] SoundI::release                          : release codec. (000000001D4A1278)
[LOG] SoundI::release                          : (null) (000000001D4A02A8)
[LOG] SoundI::release                          : release subsounds. (000000001D4A02A8)
[LOG] SoundI::release                          :     (null) (000000004B785378)
[LOG] SoundI::release                          : release codec. (000000001D4A02A8)
[LOG] SoundI::release                          : (null) (000000000CF8C948)
[LOG] SoundI::release                          : release subsounds. (000000000CF8C948)
[LOG] SoundI::release                          :     (null) (000000000F92CDE8)
[LOG] SoundI::release                          : release codec. (000000000CF8C948)
[LOG] SoundI::release                          : (null) (0000000031659D08)
[LOG] SoundI::release                          : remove stream samples. (0000000031659D08)
[LOG] SoundI::release                          :     (null) (000000004B785508)
[LOG] SoundI::release                          : release subsounds. (0000000031659D08)
[LOG] SoundI::release                          :     (null) (0000000031659EA8)
[LOG] SoundI::release                          : release codec. (0000000031659D08)
[LOG] SoundI::release                          : (null) (000000001D4A16C8)
[LOG] SoundI::release                          : release subsounds. (000000001D4A16C8)
[LOG] SoundI::release                          :     (null) (000000004B7840B8)
[LOG] SoundI::release                          : release codec. (000000001D4A16C8)
[LOG] SoundI::release                          : (null) (000000000CF8E778)
[LOG] SoundI::release                          : release subsounds. (000000000CF8E778)
[LOG] SoundI::release                          :     (null) (000000000F92CAC8)
[LOG] SoundI::release                          : release codec. (000000000CF8E778)
[LOG] SoundI::release                          : (null) (000000001D4A0868)
[LOG] SoundI::release                          : release subsounds. (000000001D4A0868)
[LOG] SoundI::release                          :     (null) (000000004B785B48)
[LOG] SoundI::release                          : release codec. (000000001D4A0868)
[LOG] SoundI::release                          : (null) (000000000CF8D918)
[LOG] SoundI::release                          : release subsounds. (000000000CF8D918)
[LOG] SoundI::release                          :     (null) (000000004B784568)
[LOG] SoundI::release                          : release codec. (000000000CF8D918)
[LOG] SoundI::release                          : (null) (000000000CF8CD98)
[LOG] SoundI::release                          : release subsounds. (000000000CF8CD98)
[LOG] SoundI::release                          :     (null) (000000000F92D298)
[LOG] SoundI::release                          : release codec. (000000000CF8CD98)
[LOG] SoundI::release                          : (null) (000000000CF8D638)
[LOG] SoundI::release                          : release subsounds. (000000000CF8D638)
[LOG] SoundI::release                          :     (null) (000000004B7851E8)
[LOG] SoundI::release                          : release codec. (000000000CF8D638)
[LOG] SoundI::release                          : (null) (000000000CF8D358)
[LOG] SoundI::release                          : release subsounds. (000000000CF8D358)
[LOG] SoundI::release                          :     (null) (000000000F92D108)
[LOG] SoundI::release                          : release codec. (000000000CF8D358)
[LOG] Thread::callback                         : * FMOD Studio update thread finished
[LOG] Thread::close                            : FMOD Studio update thread thread destroyed
[LOG] Thread::callback                         : * FMOD Studio bank load thread finished
[LOG] Thread::close                            : FMOD Studio bank load thread thread destroyed
[LOG] Profile::disconnectAll                   : Profiler disconnecting all clients
[LOG] Thread::callback                         : * FMOD Studio sample load thread finished
[LOG] Thread::close                            : FMOD Studio sample load thread thread destroyed
[LOG] LiveUpdate::release                      : 
[LOG] SystemI::close                           : 
[LOG] SystemI::close                           : Stop all sounds
[LOG] Thread::callback                         : * FMOD stream thread finished
[LOG] Thread::close                            : FMOD stream thread thread destroyed
[LOG] SystemI::close                           : Stream thread destroyed
[LOG] Thread::callback                         : * FMOD mixer thread finished
[LOG] Thread::close                            : FMOD mixer thread thread destroyed
[LOG] SystemI::close                           : Free master channel group.
[LOG] SystemI::close                           : Remove 'master' sound group.
[LOG] SystemI::close                           : Free software output.
[LOG] SystemI::close                           : Free emulated output.
[LOG] SystemI::close                           : Free channel pool.
[LOG] Thread::callback                         : * FMOD nonblocking thread (0) finished
[LOG] Thread::close                            : FMOD nonblocking thread (0) thread destroyed
[LOG] Thread::callback                         : * FMOD file thread finished
[LOG] Thread::close                            : FMOD file thread thread destroyed
[LOG] SystemI::close                           : done.

